Assuming unrestricted shared filesystem usage.
host: DESKTOP-OB4VAQ4
Building DAG of jobs...
Provided cores: 1 (use --cores to define parallelism)
Rules claiming more threads will be scaled down.
Job stats:
job                count
---------------  -------
all                    1
consume_kafka          1
generate_report        1
process_audio          1
scrape_species         1
total                  5

Select jobs to execute...
Execute 1 jobs...
[Fri Jan 30 23:10:03 2026]
localrule scrape_species:
    output: species.done
    jobid: 4
    reason: Missing output files: species.done; Code has changed since last execution; Params have changed since last execution: Union of exclusive params before and now across all output: before: <nothing exclusive> now: 'py' 
    resources: tmpdir=C:\Users\Korisnik\AppData\Local\Temp
[Fri Jan 30 23:10:04 2026]
Finished jobid: 4 (Rule: scrape_species)
1 of 5 steps (20%) done
Select jobs to execute...
Execute 1 jobs...
[Fri Jan 30 23:10:04 2026]
localrule consume_kafka:
    input: species.done
    output: kafka.done
    jobid: 3
    reason: Input files updated by another job: species.done
    resources: tmpdir=C:\Users\Korisnik\AppData\Local\Temp
[Fri Jan 30 23:10:10 2026]
Finished jobid: 3 (Rule: consume_kafka)
2 of 5 steps (40%) done
Select jobs to execute...
Execute 1 jobs...
[Fri Jan 30 23:10:10 2026]
localrule process_audio:
    input: kafka.done
    output: audio.done
    jobid: 2
    reason: Input files updated by another job: kafka.done
    resources: tmpdir=C:\Users\Korisnik\AppData\Local\Temp
[Fri Jan 30 23:10:17 2026]
Finished jobid: 2 (Rule: process_audio)
3 of 5 steps (60%) done
Select jobs to execute...
Execute 1 jobs...
[Fri Jan 30 23:10:17 2026]
localrule generate_report:
    input: audio.done
    output: bird_report.csv
    jobid: 1
    reason: Input files updated by another job: audio.done
    resources: tmpdir=C:\Users\Korisnik\AppData\Local\Temp
[Fri Jan 30 23:10:19 2026]
Finished jobid: 1 (Rule: generate_report)
4 of 5 steps (80%) done
Select jobs to execute...
Execute 1 jobs...
[Fri Jan 30 23:10:19 2026]
localrule all:
    input: bird_report.csv
    jobid: 0
    reason: Input files updated by another job: bird_report.csv
    resources: tmpdir=C:\Users\Korisnik\AppData\Local\Temp
[Fri Jan 30 23:10:19 2026]
Finished jobid: 0 (Rule: all)
5 of 5 steps (100%) done
Complete log(s): C:\Users\Korisnik\OneDrive - A1 Telekom Austria AG\Desktop\dionis_pipeline\.snakemake\log\2026-01-30T231002.413705.snakemake.log
