Assuming unrestricted shared filesystem usage.
host: DESKTOP-OB4VAQ4
Building DAG of jobs...
Provided cores: 1 (use --cores to define parallelism)
Rules claiming more threads will be scaled down.
Job stats:
job                count
---------------  -------
all                    1
consume_kafka          1
generate_report        1
process_audio          1
scrape_species         1
total                  5

Select jobs to execute...
Execute 1 jobs...
[Fri Jan 30 21:43:47 2026]
localrule scrape_species:
    output: species.done
    jobid: 4
    reason: Missing output files: species.done; Code has changed since last execution
    resources: tmpdir=C:\Users\Korisnik\AppData\Local\Temp
[Fri Jan 30 21:43:49 2026]
Finished jobid: 4 (Rule: scrape_species)
1 of 5 steps (20%) done
Select jobs to execute...
Execute 1 jobs...
[Fri Jan 30 21:43:49 2026]
localrule consume_kafka:
    input: species.done
    output: kafka.done
    jobid: 3
    reason: Input files updated by another job: species.done
    resources: tmpdir=C:\Users\Korisnik\AppData\Local\Temp
[Fri Jan 30 21:43:55 2026]
Finished jobid: 3 (Rule: consume_kafka)
2 of 5 steps (40%) done
Select jobs to execute...
Execute 1 jobs...
[Fri Jan 30 21:43:55 2026]
localrule process_audio:
    input: kafka.done
    output: audio.done
    jobid: 2
    reason: Input files updated by another job: kafka.done
    resources: tmpdir=C:\Users\Korisnik\AppData\Local\Temp
[Fri Jan 30 21:44:01 2026]
Finished jobid: 2 (Rule: process_audio)
3 of 5 steps (60%) done
Select jobs to execute...
Execute 1 jobs...
[Fri Jan 30 21:44:01 2026]
localrule generate_report:
    input: audio.done
    output: bird_report.csv
    jobid: 1
    reason: Input files updated by another job: audio.done
    resources: tmpdir=C:\Users\Korisnik\AppData\Local\Temp
RuleException:
CalledProcessError in file "C:\Users\Korisnik\OneDrive - A1 Telekom Austria AG\Desktop\dionis_pipeline\Snakefile", line 23:
Command 'python report.py' returned non-zero exit status 9009.
[Fri Jan 30 21:44:02 2026]
Error in rule generate_report:
    message: None
    jobid: 1
    input: audio.done
    output: bird_report.csv
    shell:
        python report.py
        (command exited with non-zero exit code)
Shutting down, this might take some time.
Exiting because a job execution failed. Look below for error messages
[Fri Jan 30 21:44:02 2026]
Error in rule generate_report:
    message: None
    jobid: 1
    input: audio.done
    output: bird_report.csv
    shell:
        python report.py
        (command exited with non-zero exit code)
Complete log(s): C:\Users\Korisnik\OneDrive - A1 Telekom Austria AG\Desktop\dionis_pipeline\.snakemake\log\2026-01-30T214347.663334.snakemake.log
WorkflowError:
At least one job did not complete successfully.
